<?xml version="1.0" encoding="UTF-8"?>
<testng-results ignored="3" total="4" passed="1" failed="0" skipped="0">
  <reporter-output>
  </reporter-output>
  <suite started-at="2023-02-03T02:15:25 IST" name="Default suite" finished-at="2023-02-03T02:15:43 IST" duration-ms="18442">
    <groups>
    </groups>
    <test started-at="2023-02-03T02:15:25 IST" name="Default test" finished-at="2023-02-03T02:15:43 IST" duration-ms="18442">
      <class name="com.DS.TestLayer.BuyProduct_Functionality">
        <test-method is-config="true" signature="Setup()[pri:0, instance:com.DS.TestLayer.BuyProduct_Functionality@1d9b7cce]" started-at="2023-02-03T02:15:25 IST" name="Setup" finished-at="2023-02-03T02:15:30 IST" duration-ms="5386" status="PASS">
          <reporter-output>
          </reporter-output>
        </test-method> <!-- Setup -->
        <test-method signature="VerifyBuyFunctionalityLongtermWithCustomeLimit()[pri:0, instance:com.DS.TestLayer.BuyProduct_Functionality@1d9b7cce]" started-at="2023-02-03T02:15:30 IST" name="VerifyBuyFunctionalityLongtermWithCustomeLimit" finished-at="2023-02-03T02:15:43 IST" duration-ms="13024" status="PASS">
          <reporter-output>
          </reporter-output>
        </test-method> <!-- VerifyBuyFunctionalityLongtermWithCustomeLimit -->
        <test-method is-config="true" signature="shutDown()[pri:0, instance:com.DS.TestLayer.BuyProduct_Functionality@1d9b7cce]" started-at="2023-02-03T02:15:43 IST" name="shutDown" finished-at="2023-02-03T02:15:43 IST" duration-ms="1" status="PASS">
          <reporter-output>
          </reporter-output>
        </test-method> <!-- shutDown -->
      </class> <!-- com.DS.TestLayer.BuyProduct_Functionality -->
    </test> <!-- Default test -->
  </suite> <!-- Default suite -->
</testng-results>
