<?xml version="1.0" encoding="UTF-8"?>
<!-- Generated by org.testng.reporters.JUnitXMLReporter -->
<testsuite ignored="3" hostname="MSI" failures="0" tests="1" name="Default test" time="18.442" errors="0" timestamp="2023-02-03T02:15:43 IST">
  <testcase classname="com.DS.TestLayer.BuyProduct_Functionality" name="VerifyBuyFunctionalityLongtermWithCustomeLimit" time="13.024"/>
  <testcase classname="com.DS.TestLayer.BuyProduct_Functionality" name="VerifyBuyFunctionalityIntradayWithCustomLimits" time="0.0">
    <ignored/>
  </testcase> <!-- VerifyBuyFunctionalityIntradayWithCustomLimits -->
  <testcase classname="com.DS.TestLayer.BuyProduct_Functionality" name="VerifyBuyFunctionalityLongTermWithMarket" time="0.0">
    <ignored/>
  </testcase> <!-- VerifyBuyFunctionalityLongTermWithMarket -->
  <testcase classname="com.DS.TestLayer.BuyProduct_Functionality" name="VerifyBuyFunctionalityIntradayWithMarket" time="0.0">
    <ignored/>
  </testcase> <!-- VerifyBuyFunctionalityIntradayWithMarket -->
</testsuite> <!-- Default test -->
